#
# A fatal error has been detected by the Java Runtime Environment:
#
#  EXCEPTION_ACCESS_VIOLATION (0xc0000005) at pc=0x000000006e9a8845, pid=23956, tid=23200
#
# JRE version: Java(TM) SE Runtime Environment (8.0_60-b27) (build 1.8.0_60-b27)
# Java VM: Java HotSpot(TM) 64-Bit Server VM (25.60-b23 mixed mode windows-amd64 compressed oops)
# Problematic frame:
# V  [jvm.dll+0x128845]
#
# Failed to write core dump. Minidumps are not enabled by default on client versions of Windows
#
# If you would like to submit a bug report, please visit:
#   http://bugreport.java.com/bugreport/crash.jsp
#

---------------  T H R E A D  ---------------

Current thread (0x0000000017db2000):  JavaThread "JDWP Transport Listener: dt_socket" daemon [_thread_in_vm, id=23200, stack(0x0000000019630000,0x0000000019730000)]

siginfo: ExceptionCode=0xc0000005, reading address 0xffffffffffffffff

Registers:
RAX=0x000000001972f401, RBX=0x0000000017db2000, RCX=0x6c43707041247265, RDX=0x0000000000000000
RSP=0x000000001972f400, RBP=0x6c43707041247265, RSI=0x000000001972f518, RDI=0x0000000002f888c0
R8 =0x0000000017db2000, R9 =0x0000000000000000, R10=0x0000000000000000, R11=0x0000000000000064
R12=0x0000000000000000, R13=0x0000000017db2e08, R14=0x0000000000000000, R15=0x0000000000000000
RIP=0x000000006e9a8845, EFLAGS=0x0000000000010206

Top of Stack: (sp=0x000000001972f400)
0x000000001972f400:   0000000017db2000 0000000017db2000
0x000000001972f410:   000000001972f4c8 000000006ebae18b
0x000000001972f420:   0000000017db2000 000000006ebca9ed
0x000000001972f430:   0000000000000000 000000006e709155
0x000000001972f440:   0000000019baac98 000000006e71291e
0x000000001972f450:   0000000017db2000 0000000000000000
0x000000001972f460:   0000000000000000 0000000000000000
0x000000001972f470:   6c43707041247265 000000006e711a15
0x000000001972f480:   000000001972f518 000000001972f4f0
0x000000001972f490:   0000000000000001 0000000019baac98
0x000000001972f4a0:   6c43707041247265 000000006e6f53b3
0x000000001972f4b0:   000000001972f5e0 0000000000000001
0x000000001972f4c0:   0000000000000001 0000000019baac98
0x000000001972f4d0:   0000000000000009 0000000000000000
0x000000001972f4e0:   0000000000000000 0000000000000000
0x000000001972f4f0:   0000000000000001 000000006e6f5571 

Instructions: (pc=0x000000006e9a8845)
0x000000006e9a8825:   cc cc cc cc cc cc cc cc cc cc cc 48 83 ec 28 48
0x000000006e9a8835:   85 c9 75 07 33 c0 48 83 c4 28 c3 48 89 5c 24 20
0x000000006e9a8845:   48 8b 19 48 85 db 74 20 48 83 fb 37 74 1a 48 8b
0x000000006e9a8855:   13 48 8b cb ff 52 10 84 c0 74 0d 48 8b c3 48 8b 


Register to memory mapping:

RAX=0x000000001972f401 is pointing into the stack for thread: 0x0000000017db2000
RBX=0x0000000017db2000 is a thread
RCX=0x6c43707041247265 is an unknown value
RDX=0x0000000000000000 is an unknown value
RSP=0x000000001972f400 is pointing into the stack for thread: 0x0000000017db2000
RBP=0x6c43707041247265 is an unknown value
RSI=0x000000001972f518 is pointing into the stack for thread: 0x0000000017db2000
RDI=0x0000000002f888c0 is an unknown value
R8 =0x0000000017db2000 is a thread
R9 =0x0000000000000000 is an unknown value
R10=0x0000000000000000 is an unknown value
R11=0x0000000000000064 is an unknown value
R12=0x0000000000000000 is an unknown value
R13=0x0000000017db2e08 is an unknown value
R14=0x0000000000000000 is an unknown value
R15=0x0000000000000000 is an unknown value


Stack: [0x0000000019630000,0x0000000019730000],  sp=0x000000001972f400,  free space=1021k
Native frames: (J=compiled Java code, j=interpreted, Vv=VM code, C=native code)
V  [jvm.dll+0x128845]
V  [jvm.dll+0x34a9ed]
C  [jdwp.dll+0x21a15]
C  [jdwp.dll+0x53b3]
C  [jdwp.dll+0x5571]
C  [jdwp.dll+0xf0a8]
C  [jdwp.dll+0x1f2d5]
C  [jdwp.dll+0x1f4aa]
V  [jvm.dll+0x1bb8e8]
V  [jvm.dll+0x243134]
V  [jvm.dll+0x299f6a]
C  [msvcr100.dll+0x21d9f]
C  [msvcr100.dll+0x21e3b]
C  [KERNEL32.DLL+0x12d92]
C  [ntdll.dll+0x9f64]


---------------  P R O C E S S  ---------------

Java Threads: ( => current thread )
  0x0000000019a76800 JavaThread "Service Thread" daemon [_thread_blocked, id=6704, stack(0x000000001a030000,0x000000001a130000)]
  0x0000000019a52000 JavaThread "C1 CompilerThread2" daemon [_thread_blocked, id=20172, stack(0x0000000019f30000,0x000000001a030000)]
  0x0000000019a49000 JavaThread "C2 CompilerThread1" daemon [_thread_blocked, id=28080, stack(0x0000000019e30000,0x0000000019f30000)]
  0x0000000017dc6800 JavaThread "C2 CompilerThread0" daemon [_thread_blocked, id=3152, stack(0x0000000019930000,0x0000000019a30000)]
  0x0000000017dba800 JavaThread "JDWP Command Reader" daemon [_thread_in_native, id=26704, stack(0x0000000019830000,0x0000000019930000)]
  0x0000000017db7000 JavaThread "JDWP Event Helper Thread" daemon [_thread_blocked, id=21820, stack(0x0000000019730000,0x0000000019830000)]
=>0x0000000017db2000 JavaThread "JDWP Transport Listener: dt_socket" daemon [_thread_in_vm, id=23200, stack(0x0000000019630000,0x0000000019730000)]
  0x0000000017d9f000 JavaThread "Attach Listener" daemon [_thread_blocked, id=3736, stack(0x00000000191f0000,0x00000000192f0000)]
  0x0000000017d9e000 JavaThread "Signal Dispatcher" daemon [_thread_blocked, id=20820, stack(0x00000000190f0000,0x00000000191f0000)]
  0x0000000003278800 JavaThread "Finalizer" daemon [_thread_blocked, id=20672, stack(0x0000000018ff0000,0x00000000190f0000)]
  0x0000000003270000 JavaThread "Reference Handler" daemon [_thread_blocked, id=20972, stack(0x0000000018ef0000,0x0000000018ff0000)]
  0x0000000003183800 JavaThread "main" [_thread_blocked, id=17268, stack(0x0000000003080000,0x0000000003180000)]

Other Threads:
  0x0000000017d67000 VMThread [stack: 0x0000000018df0000,0x0000000018ef0000] [id=22268]
  0x0000000019a98800 WatcherThread [stack: 0x000000001a130000,0x000000001a230000] [id=9420]

VM state:not at safepoint (normal execution)

VM Mutex/Monitor currently owned by a thread: None

Heap:
 PSYoungGen      total 38400K, used 26157K [0x00000000d5f80000, 0x00000000d8a00000, 0x0000000100000000)
  eden space 33280K, 63% used [0x00000000d5f80000,0x00000000d74116b0,0x00000000d8000000)
  from space 5120K, 99% used [0x00000000d8000000,0x00000000d84fa0e0,0x00000000d8500000)
  to   space 5120K, 0% used [0x00000000d8500000,0x00000000d8500000,0x00000000d8a00000)
 ParOldGen       total 87552K, used 849K [0x0000000081e00000, 0x0000000087380000, 0x00000000d5f80000)
  object space 87552K, 0% used [0x0000000081e00000,0x0000000081ed47f8,0x0000000087380000)
 Metaspace       used 14470K, capacity 14662K, committed 14848K, reserved 1062912K
  class space    used 1882K, capacity 1956K, committed 2048K, reserved 1048576K

Card table byte_map: [0x0000000012640000,0x0000000012a40000] byte_map_base: 0x0000000012231000

Marking Bits: (ParMarkBitMap*) 0x000000006f08a5b0
 Begin Bits: [0x00000000130f0000, 0x0000000015078000)
 End Bits:   [0x0000000015078000, 0x0000000017000000)

Polling page: 0x00000000016d0000

CodeCache: size=245760Kb used=4144Kb max_used=4155Kb free=241615Kb
 bounds [0x0000000003280000, 0x00000000036a0000, 0x0000000012280000]
 total_blobs=1458 nmethods=1106 adapters=273
 compilation: enabled

Compilation events (10 events):
Event: 85.627 Thread 0x0000000019a52000 1101       3       sun.util.calendar.ZoneInfoFile$Checksum::update (39 bytes)
Event: 85.627 Thread 0x0000000019a52000 nmethod 1101 0x000000000368cdd0 code [0x000000000368cf40, 0x000000000368d250]
Event: 85.630 Thread 0x0000000019a52000 1102       3       java.lang.Class::getSimpleName (120 bytes)
Event: 85.632 Thread 0x0000000019a52000 nmethod 1102 0x000000000368a810 code [0x000000000368ab20, 0x000000000368c2d8]
Event: 85.660 Thread 0x0000000019a52000 1103       3       sun.util.locale.LocaleUtils::isUpper (18 bytes)
Event: 85.660 Thread 0x0000000019a52000 nmethod 1103 0x000000000368d6d0 code [0x000000000368d820, 0x000000000368d9f0]
Event: 85.663 Thread 0x0000000019a52000 1104       1       java.lang.reflect.Constructor::getDeclaringClass (5 bytes)
Event: 85.663 Thread 0x0000000019a52000 nmethod 1104 0x000000000368da50 code [0x000000000368dba0, 0x000000000368dcb0]
Event: 85.665 Thread 0x0000000019a49000 1106       4       java.lang.StringBuilder::length (5 bytes)
Event: 85.665 Thread 0x0000000019a49000 nmethod 1106 0x0000000003690cd0 code [0x0000000003690e00, 0x0000000003690e58]

GC Heap History (2 events):
Event: 3.387 GC heap before
{Heap before GC invocations=1 (full 0):
 PSYoungGen      total 38400K, used 33280K [0x00000000d5f80000, 0x00000000d8a00000, 0x0000000100000000)
  eden space 33280K, 100% used [0x00000000d5f80000,0x00000000d8000000,0x00000000d8000000)
  from space 5120K, 0% used [0x00000000d8500000,0x00000000d8500000,0x00000000d8a00000)
  to   space 5120K, 0% used [0x00000000d8000000,0x00000000d8000000,0x00000000d8500000)
 ParOldGen       total 87552K, used 0K [0x0000000081e00000, 0x0000000087380000, 0x00000000d5f80000)
  object space 87552K, 0% used [0x0000000081e00000,0x0000000081e00000,0x0000000087380000)
 Metaspace       used 11272K, capacity 11520K, committed 11776K, reserved 1058816K
  class space    used 1415K, capacity 1507K, committed 1536K, reserved 1048576K
Event: 3.393 GC heap after
Heap after GC invocations=1 (full 0):
 PSYoungGen      total 38400K, used 5096K [0x00000000d5f80000, 0x00000000d8a00000, 0x0000000100000000)
  eden space 33280K, 0% used [0x00000000d5f80000,0x00000000d5f80000,0x00000000d8000000)
  from space 5120K, 99% used [0x00000000d8000000,0x00000000d84fa0e0,0x00000000d8500000)
  to   space 5120K, 0% used [0x00000000d8500000,0x00000000d8500000,0x00000000d8a00000)
 ParOldGen       total 87552K, used 849K [0x0000000081e00000, 0x0000000087380000, 0x00000000d5f80000)
  object space 87552K, 0% used [0x0000000081e00000,0x0000000081ed47f8,0x0000000087380000)
 Metaspace       used 11272K, capacity 11520K, committed 11776K, reserved 1058816K
  class space    used 1415K, capacity 1507K, committed 1536K, reserved 1048576K
}

Deoptimization events (10 events):
Event: 3.520 Thread 0x0000000003183800 Uncommon trap: reason=class_check action=maybe_recompile pc=0x00000000035e9ac0 method=java.io.BufferedInputStream.read1([BII)I @ 39
Event: 3.521 Thread 0x0000000003183800 Uncommon trap: reason=bimorphic action=maybe_recompile pc=0x00000000034dc540 method=java.io.FilterInputStream.read([B)I @ 5
Event: 3.521 Thread 0x0000000003183800 Uncommon trap: reason=class_check action=maybe_recompile pc=0x00000000035e9ac0 method=java.io.BufferedInputStream.read1([BII)I @ 39
Event: 3.633 Thread 0x0000000003183800 Uncommon trap: reason=unstable_if action=reinterpret pc=0x00000000034014a0 method=java.lang.String.replace(CC)Ljava/lang/String; @ 2
Event: 3.658 Thread 0x000000001a53b000 Uncommon trap: reason=bimorphic action=maybe_recompile pc=0x00000000034dc540 method=java.io.FilterInputStream.read([B)I @ 5
Event: 4.607 Thread 0x000000001a53b000 Uncommon trap: reason=bimorphic action=maybe_recompile pc=0x00000000034dc540 method=java.io.FilterInputStream.read([B)I @ 5
Event: 4.918 Thread 0x000000001a53b000 Uncommon trap: reason=unstable_if action=reinterpret pc=0x000000000364ee6c method=org.openqa.selenium.remote.internal.CircularOutputStream.write(I)V @ 52
Event: 10.998 Thread 0x0000000003183800 Uncommon trap: reason=unstable_if action=reinterpret pc=0x000000000362879c method=java.util.concurrent.ConcurrentHashMap.putVal(Ljava/lang/Object;Ljava/lang/Object;Z)Ljava/lang/Object; @ 181
Event: 11.004 Thread 0x000000001a53b000 Uncommon trap: reason=unstable_if action=reinterpret pc=0x000000000364dd60 method=org.openqa.selenium.remote.internal.CircularOutputStream.write(I)V @ 52
Event: 11.081 Thread 0x0000000003183800 Uncommon trap: reason=unstable_if action=reinterpret pc=0x0000000003641064 method=java.lang.String.regionMatches(ZILjava/lang/String;II)Z @ 123

Internal exceptions (10 events):
Event: 5.754 Thread 0x0000000003183800 Exception <a 'java/net/ConnectException': Connection refused: connect> (0x00000000d6922a10) thrown at [C:\re\workspace\8-2-build-windows-amd64-cygwin\jdk8u60\4407\hotspot\src\share\vm\prims\jni.cpp, line 735]
Event: 6.855 Thread 0x0000000003183800 Exception <a 'java/net/ConnectException': Connection refused: connect> (0x00000000d6923e70) thrown at [C:\re\workspace\8-2-build-windows-amd64-cygwin\jdk8u60\4407\hotspot\src\share\vm\prims\jni.cpp, line 735]
Event: 7.956 Thread 0x0000000003183800 Exception <a 'java/net/ConnectException': Connection refused: connect> (0x00000000d69252d0) thrown at [C:\re\workspace\8-2-build-windows-amd64-cygwin\jdk8u60\4407\hotspot\src\share\vm\prims\jni.cpp, line 735]
Event: 9.056 Thread 0x0000000003183800 Exception <a 'java/net/ConnectException': Connection refused: connect> (0x00000000d6926730) thrown at [C:\re\workspace\8-2-build-windows-amd64-cygwin\jdk8u60\4407\hotspot\src\share\vm\prims\jni.cpp, line 735]
Event: 10.161 Thread 0x0000000003183800 Exception <a 'java/net/ConnectException': Connection refused: connect> (0x00000000d6927b90) thrown at [C:\re\workspace\8-2-build-windows-amd64-cygwin\jdk8u60\4407\hotspot\src\share\vm\prims\jni.cpp, line 735]
Event: 10.878 Thread 0x0000000003183800 Exception <a 'java/lang/ArrayIndexOutOfBoundsException': 18> (0x00000000d6d4c730) thrown at [C:\re\workspace\8-2-build-windows-amd64-cygwin\jdk8u60\4407\hotspot\src\share\vm\interpreter\interpreterRuntime.cpp, line 366]
Event: 10.878 Thread 0x0000000003183800 Exception <a 'java/lang/ArrayIndexOutOfBoundsException': 90> (0x00000000d6d4dd28) thrown at [C:\re\workspace\8-2-build-windows-amd64-cygwin\jdk8u60\4407\hotspot\src\share\vm\interpreter\interpreterRuntime.cpp, line 366]
Event: 10.879 Thread 0x0000000003183800 Exception <a 'java/lang/ArrayIndexOutOfBoundsException': 105> (0x00000000d6d4fad8) thrown at [C:\re\workspace\8-2-build-windows-amd64-cygwin\jdk8u60\4407\hotspot\src\share\vm\interpreter\interpreterRuntime.cpp, line 366]
Event: 10.880 Thread 0x0000000003183800 Exception <a 'java/lang/ArrayIndexOutOfBoundsException'> (0x00000000d6d50d18) thrown at [C:\re\workspace\8-2-build-windows-amd64-cygwin\jdk8u60\4407\hotspot\src\share\vm\runtime\sharedRuntime.cpp, line 605]
Event: 85.465 Thread 0x0000000003183800 Exception <a 'java/net/ConnectException': Connection refused: connect> (0x00000000d72d3a20) thrown at [C:\re\workspace\8-2-build-windows-amd64-cygwin\jdk8u60\4407\hotspot\src\share\vm\prims\jni.cpp, line 735]

Events (10 events):
Event: 177.785 Executing VM operation: GetCurrentLocation
Event: 177.786 Executing VM operation: GetCurrentLocation done
Event: 177.786 Executing VM operation: EnterInterpOnlyMode
Event: 177.786 Executing VM operation: EnterInterpOnlyMode done
Event: 177.786 Executing VM operation: ChangeSingleStep
Event: 177.786 Executing VM operation: ChangeSingleStep done
Event: 177.807 Executing VM operation: ChangeSingleStep
Event: 177.807 Executing VM operation: ChangeSingleStep done
Event: 177.812 Executing VM operation: RedefineClasses
Event: 177.839 Executing VM operation: RedefineClasses done


Dynamic libraries:
0x00007ff62d2e0000 - 0x00007ff62d317000 	C:\Program Files\Java\jre1.8.0_60\bin\javaw.exe
0x00007ffa96550000 - 0x00007ffa96711000 	C:\WINDOWS\SYSTEM32\ntdll.dll
0x00007ffa93d50000 - 0x00007ffa93dfd000 	C:\WINDOWS\system32\KERNEL32.DLL
0x00007ffa93a40000 - 0x00007ffa93c1d000 	C:\WINDOWS\system32\KERNELBASE.dll
0x00007ffa93e00000 - 0x00007ffa93ea6000 	C:\WINDOWS\system32\ADVAPI32.dll
0x00007ffa96240000 - 0x00007ffa962dd000 	C:\WINDOWS\system32\msvcrt.dll
0x00007ffa946b0000 - 0x00007ffa9470b000 	C:\WINDOWS\system32\sechost.dll
0x00007ffa93c20000 - 0x00007ffa93d46000 	C:\WINDOWS\system32\RPCRT4.dll
0x00007ffa96380000 - 0x00007ffa964ce000 	C:\WINDOWS\system32\USER32.dll
0x00007ffa95fb0000 - 0x00007ffa96136000 	C:\WINDOWS\system32\GDI32.dll
0x00007ffa8cc60000 - 0x00007ffa8ced4000 	C:\WINDOWS\WinSxS\amd64_microsoft.windows.common-controls_6595b64144ccf1df_6.0.10240.16384_none_f41f7b285750ef43\COMCTL32.dll
0x00007ffa962e0000 - 0x00007ffa96316000 	C:\WINDOWS\system32\IMM32.DLL
0x00007ffa94490000 - 0x00007ffa945ec000 	C:\WINDOWS\system32\MSCTF.dll
0x000000006e730000 - 0x000000006e802000 	C:\Program Files\Java\jre1.8.0_60\bin\msvcr100.dll
0x000000006e880000 - 0x000000006f109000 	C:\Program Files\Java\jre1.8.0_60\bin\server\jvm.dll
0x00007ffa964d0000 - 0x00007ffa964d8000 	C:\WINDOWS\system32\PSAPI.DLL
0x00007ffa8b3e0000 - 0x00007ffa8b3e9000 	C:\WINDOWS\SYSTEM32\WSOCK32.dll
0x00007ffa95f40000 - 0x00007ffa95fa9000 	C:\WINDOWS\system32\WS2_32.dll
0x00007ffa93ec0000 - 0x00007ffa93ec8000 	C:\WINDOWS\system32\NSI.dll
0x00007ffa8edb0000 - 0x00007ffa8edba000 	C:\WINDOWS\SYSTEM32\VERSION.dll
0x00007ffa90f90000 - 0x00007ffa90fb3000 	C:\WINDOWS\SYSTEM32\WINMM.dll
0x00007ffa90f30000 - 0x00007ffa90f5c000 	C:\WINDOWS\SYSTEM32\WINMMBASE.dll
0x00007ffa93940000 - 0x00007ffa93984000 	C:\WINDOWS\system32\cfgmgr32.dll
0x00007ffa918f0000 - 0x00007ffa91917000 	C:\WINDOWS\SYSTEM32\DEVOBJ.dll
0x000000006f530000 - 0x000000006f53f000 	C:\Program Files\Java\jre1.8.0_60\bin\verify.dll
0x000000006f4c0000 - 0x000000006f4e9000 	C:\Program Files\Java\jre1.8.0_60\bin\java.dll
0x000000006e6f0000 - 0x000000006e725000 	C:\Program Files\Java\jre1.8.0_60\bin\jdwp.dll
0x000000006e6e0000 - 0x000000006e6e8000 	C:\Program Files\Java\jre1.8.0_60\bin\npt.dll
0x000000006f510000 - 0x000000006f526000 	C:\Program Files\Java\jre1.8.0_60\bin\zip.dll
0x00007ffa94710000 - 0x00007ffa95c32000 	C:\WINDOWS\system32\SHELL32.dll
0x00007ffa93250000 - 0x00007ffa93879000 	C:\WINDOWS\system32\windows.storage.dll
0x00007ffa93ed0000 - 0x00007ffa9414c000 	C:\WINDOWS\system32\combase.dll
0x00007ffa94380000 - 0x00007ffa943d1000 	C:\WINDOWS\system32\shlwapi.dll
0x00007ffa92f80000 - 0x00007ffa92f8f000 	C:\WINDOWS\system32\kernel.appcore.dll
0x00007ffa93880000 - 0x00007ffa93933000 	C:\WINDOWS\system32\shcore.dll
0x00007ffa92fd0000 - 0x00007ffa9301a000 	C:\WINDOWS\system32\powrprof.dll
0x00007ffa92fb0000 - 0x00007ffa92fc3000 	C:\WINDOWS\system32\profapi.dll
0x000000006e6d0000 - 0x000000006e6d9000 	C:\Program Files\Java\jre1.8.0_60\bin\dt_socket.dll
0x00007ffa84410000 - 0x00007ffa84425000 	C:\WINDOWS\system32\napinsp.dll
0x00007ffa84430000 - 0x00007ffa8444a000 	C:\WINDOWS\system32\pnrpnsp.dll
0x00007ffa904e0000 - 0x00007ffa904f8000 	C:\WINDOWS\system32\NLAapi.dll
0x00007ffa927f0000 - 0x00007ffa9284d000 	C:\WINDOWS\System32\mswsock.dll
0x00007ffa925f0000 - 0x00007ffa92698000 	C:\WINDOWS\SYSTEM32\DNSAPI.dll
0x00007ffa84450000 - 0x00007ffa8445d000 	C:\WINDOWS\System32\winrnr.dll
0x00007ffa84460000 - 0x00007ffa84475000 	C:\WINDOWS\system32\wshbth.dll
0x0000000070780000 - 0x00000000707a6000 	C:\Program Files\Bonjour\mdnsNSP.dll
0x00007ffa907d0000 - 0x00007ffa90808000 	C:\WINDOWS\SYSTEM32\Iphlpapi.DLL
0x00007ffa908a0000 - 0x00007ffa908ab000 	C:\WINDOWS\SYSTEM32\WINNSI.DLL
0x00007ffa8c3c0000 - 0x00007ffa8c428000 	C:\WINDOWS\System32\fwpuclnt.dll
0x00007ffa92eb0000 - 0x00007ffa92ed8000 	C:\WINDOWS\SYSTEM32\bcrypt.dll
0x00007ffa8b990000 - 0x00007ffa8b99a000 	C:\Windows\System32\rasadhlp.dll
0x000000006e860000 - 0x000000006e87a000 	C:\Program Files\Java\jre1.8.0_60\bin\net.dll
0x00007ffa905b0000 - 0x00007ffa905c6000 	C:\WINDOWS\SYSTEM32\dhcpcsvc6.DLL
0x00007ffa90750000 - 0x00007ffa9076a000 	C:\WINDOWS\SYSTEM32\dhcpcsvc.DLL
0x00007ffa92850000 - 0x00007ffa92867000 	C:\WINDOWS\SYSTEM32\CRYPTSP.dll
0x00007ffa924a0000 - 0x00007ffa924d3000 	C:\WINDOWS\system32\rsaenh.dll
0x00007ffa92590000 - 0x00007ffa925af000 	C:\WINDOWS\SYSTEM32\USERENV.dll
0x00007ffa92da0000 - 0x00007ffa92e0b000 	C:\WINDOWS\system32\bcryptprimitives.dll
0x00007ffa929c0000 - 0x00007ffa929cb000 	C:\WINDOWS\SYSTEM32\CRYPTBASE.dll
0x000000006e840000 - 0x000000006e851000 	C:\Program Files\Java\jre1.8.0_60\bin\nio.dll
0x000000006e810000 - 0x000000006e834000 	C:\Program Files\Java\jre1.8.0_60\bin\sunec.dll
0x00007ffa7c200000 - 0x00007ffa7c38a000 	C:\WINDOWS\SYSTEM32\dbghelp.dll

VM Arguments:
jvm_args: -agentlib:jdwp=transport=dt_socket,suspend=y,address=localhost:59253 -Dfile.encoding=Cp1252 
java_command: com.paripassu.webdriver.ChecklistPrincipal
java_class_path (initial): C:\Users\AnnaBarbara\workspace\selenium_maven_eclipse\target\test-classes;C:\Users\AnnaBarbara\workspace\selenium_maven_eclipse\target\classes;C:\Users\AnnaBarbara\.m2\repository\org\seleniumhq\selenium\selenium-java\2.47.1\selenium-java-2.47.1.jar;C:\Users\AnnaBarbara\.m2\repository\org\seleniumhq\selenium\selenium-chrome-driver\2.47.1\selenium-chrome-driver-2.47.1.jar;C:\Users\AnnaBarbara\.m2\repository\org\seleniumhq\selenium\selenium-remote-driver\2.47.1\selenium-remote-driver-2.47.1.jar;C:\Users\AnnaBarbara\.m2\repository\cglib\cglib-nodep\2.1_3\cglib-nodep-2.1_3.jar;C:\Users\AnnaBarbara\.m2\repository\com\google\code\gson\gson\2.3.1\gson-2.3.1.jar;C:\Users\AnnaBarbara\.m2\repository\org\seleniumhq\selenium\selenium-api\2.47.1\selenium-api-2.47.1.jar;C:\Users\AnnaBarbara\.m2\repository\com\google\guava\guava\18.0\guava-18.0.jar;C:\Users\AnnaBarbara\.m2\repository\org\seleniumhq\selenium\selenium-edge-driver\2.47.1\selenium-edge-driver-2.47.1.jar;C:\Users\AnnaBarbara\.m2\repository\commons-io\commons-io\2.4\commons-io-2.4.jar;C:\Users\AnnaBarbara\.m2\repository\org\apache\commons\commons-exec\1.3\commons-exec-1.3.jar;C:\Users\AnnaBarbara\.m2\repository\org\seleniumhq\selenium\selenium-htmlunit-driver\2.47.1\selenium-htmlunit-driver-2.47.1.jar;C:\Users\AnnaBarbara\.m2\repository\net\sourceforge\htmlunit\htmlunit\2.17\htmlunit-2.17.jar;C:\Users\AnnaBarbara\.m2\repository\xalan\xalan\2.7.2\xalan-2.7.2.jar;C:\Users\AnnaBarbara\.m2\repository\xalan\serializer\2.7.2\serializer-2.7.2.jar;C:\Users\AnnaBarbara\.m2\repository\commons-collections\commons-collections\3.2.1\commons-collections-3.2.1.jar;C:\Users\AnnaBarbara\.m2\repository\org\apache\commons\commons-lang3\3.4\commons-lang3-3.4.jar;C:\Users\AnnaBarbara\.m2\repository\org\apache\httpcomponents\httpmime\4.4.1\httpmime-4.4.1.jar;C:\Users\AnnaBarbara\.m2\repository\commons-codec\commons-codec\1.10\commons-codec-1.10.jar;C:\Users\AnnaBarbara\.m2\repository\net\sourceforge\htmlunit\htmlu
Launcher Type: SUN_STANDARD

Environment Variables:
PATH=C:/Program Files/Java/jre1.8.0_60/bin/server;C:/Program Files/Java/jre1.8.0_60/bin;C:/Program Files/Java/jre1.8.0_60/lib/amd64;C:\Program Files (x86)\Cuminas\Document Express DjVu Plug-in\;C:\ProgramData\Oracle\Java\javapath;C:\Program Files (x86)\NVIDIA Corporation\PhysX\Common;C:\Program Files (x86)\Intel\iCLS Client\;C:\Program Files\Intel\iCLS Client\;C:\WINDOWS\system32;C:\WINDOWS;C:\WINDOWS\System32\Wbem;C:\WINDOWS\System32\WindowsPowerShell\v1.0\;C:\Program Files\Intel\Intel(R) Management Engine Components\DAL;C:\Program Files\Intel\Intel(R) Management Engine Components\IPT;C:\Program Files (x86)\Intel\Intel(R) Management Engine Components\DAL;C:\Program Files (x86)\Intel\Intel(R) Management Engine Components\IPT;C:\Program Files\Samsung\AllShare Framework DMS\1.3.23\;C:\Program Files\Samsung\AllShare Framework DMS\1.3.23\64bit\;C:\Program Files\Calibre2\;C:\Program Files (x86)\Skype\Phone\;C:\WINDOWS\System32;
USERNAME=AnnaBarbara
OS=Windows_NT
PROCESSOR_IDENTIFIER=Intel64 Family 6 Model 58 Stepping 9, GenuineIntel



---------------  S Y S T E M  ---------------

OS: Windows 10.0 , 64 bit Build 10240 (10.0.10240.16384)

CPU:total 4 (2 cores per cpu, 2 threads per core) family 6 model 58 stepping 9, cmov, cx8, fxsr, mmx, sse, sse2, sse3, ssse3, sse4.1, sse4.2, popcnt, avx, clmul, erms, ht, tsc, tscinvbit, tscinv

Memory: 4k page, physical 8261732k(964604k free), swap 14291044k(2143476k free)

vm_info: Java HotSpot(TM) 64-Bit Server VM (25.60-b23) for windows-amd64 JRE (1.8.0_60-b27), built on Aug  4 2015 11:06:27 by "java_re" with MS VC++ 10.0 (VS2010)

time: Sun Sep 27 00:49:26 2015
elapsed time: 178 seconds (0d 0h 2m 58s)

